<?xml version="1.0" encoding="UTF-8"?>
<!-- Generated by org.testng.reporters.JUnitXMLReporter -->
<testsuite ignored="0" hostname="CPC-ShaikIrF-B1" failures="0" tests="42" name="Joinnow_Test" time="2126.936" errors="0" timestamp="2022-09-28T14:29:49 IST">
  <testcase classname="com.test.user.All_scenarios" name="RUNALL" time="34.168"/>
  <testcase classname="com.test.user.All_scenarios" name="RUNALL" time="30.562"/>
  <testcase classname="com.test.user.All_scenarios" name="RUNALL" time="39.508"/>
  <testcase classname="com.test.user.All_scenarios" name="RUNALL" time="71.801"/>
  <testcase classname="com.test.user.All_scenarios" name="RUNALL" time="43.307"/>
  <testcase classname="com.test.user.All_scenarios" name="RUNALL" time="44.384"/>
  <testcase classname="com.test.user.All_scenarios" name="RUNALL" time="46.151"/>
  <testcase classname="com.test.user.All_scenarios" name="RUNALL" time="46.128"/>
  <testcase classname="com.test.user.All_scenarios" name="RUNALL" time="49.532"/>
  <testcase classname="com.test.user.All_scenarios" name="RUNALL" time="53.662"/>
  <testcase classname="com.test.user.All_scenarios" name="RUNALL" time="55.783"/>
  <testcase classname="com.test.user.All_scenarios" name="RUNALL" time="54.934"/>
  <testcase classname="com.test.user.All_scenarios" name="RUNALL" time="54.987"/>
  <testcase classname="com.test.user.All_scenarios" name="RUNALL" time="54.902"/>
  <testcase classname="com.test.user.All_scenarios" name="RUNALL" time="50.212"/>
  <testcase classname="com.test.user.All_scenarios" name="RUNALL" time="51.085"/>
  <testcase classname="com.test.user.All_scenarios" name="RUNALL" time="50.792"/>
  <testcase classname="com.test.user.All_scenarios" name="RUNALL" time="51.06"/>
  <testcase classname="com.test.user.All_scenarios" name="RUNALL" time="50.763"/>
  <testcase classname="com.test.user.All_scenarios" name="RUNALL" time="50.559"/>
  <testcase classname="com.test.user.All_scenarios" name="RUNALL" time="55.794"/>
  <testcase classname="com.test.user.All_scenarios" name="RUNALL" time="60.792"/>
  <testcase classname="com.test.user.All_scenarios" name="RUNALL" time="60.782"/>
  <testcase classname="com.test.user.All_scenarios" name="RUNALL" time="61.058"/>
  <testcase classname="com.test.user.All_scenarios" name="RUNALL" time="60.552"/>
  <testcase classname="com.test.user.All_scenarios" name="RUNALL" time="61.078"/>
  <testcase classname="com.test.user.All_scenarios" name="RUNALL" time="66.94"/>
  <testcase classname="com.test.user.All_scenarios" name="RUNALL" time="48.336"/>
  <testcase classname="com.test.user.All_scenarios" name="RUNALL" time="46.274"/>
  <testcase classname="com.test.user.All_scenarios" name="RUNALL" time="46.197"/>
  <testcase classname="com.test.user.All_scenarios" name="RUNALL" time="45.7"/>
  <testcase classname="com.test.user.All_scenarios" name="RUNALL" time="46.487"/>
  <testcase classname="com.test.user.All_scenarios" name="RUNALL" time="48.038"/>
  <testcase classname="com.test.user.All_scenarios" name="RUNALL" time="48.176"/>
  <testcase classname="com.test.user.All_scenarios" name="RUNALL" time="48.083"/>
  <testcase classname="com.test.user.All_scenarios" name="RUNALL" time="47.539"/>
  <testcase classname="com.test.user.All_scenarios" name="RUNALL" time="47.897"/>
  <testcase classname="com.test.user.All_scenarios" name="RUNALL" time="48.445"/>
  <testcase classname="com.test.user.All_scenarios" name="RUNALL" time="49.949"/>
  <testcase classname="com.test.user.All_scenarios" name="RUNALL" time="47.865"/>
  <testcase classname="com.test.user.All_scenarios" name="RUNALL" time="47.789"/>
  <testcase classname="com.test.user.All_scenarios" name="RUNALL" time="47.723"/>
</testsuite> <!-- Joinnow_Test -->
