<?xml version="1.0" encoding="UTF-8"?>
<testng-results ignored="0" total="15" passed="15" failed="0" skipped="0">
  <reporter-output>
  </reporter-output>
  <suite started-at="2022-07-07T18:43:50 IST" name="Suite" finished-at="2022-07-07T18:44:58 IST" duration-ms="67689">
    <groups>
    </groups>
    <test started-at="2022-07-07T18:43:50 IST" name="Joinnow_Test" finished-at="2022-07-07T18:44:58 IST" duration-ms="67689">
      <class name="com.test.user.Join_now_scenarios">
        <test-method is-config="true" signature="reference()[pri:0, instance:com.test.user.Join_now_scenarios@7692d9cc]" started-at="2022-07-07T18:43:50 IST" name="reference" finished-at="2022-07-07T18:43:50 IST" duration-ms="422" status="PASS">
          <reporter-output>
          </reporter-output>
        </test-method> <!-- reference -->
        <test-method signature="RUNALL(java.util.Map, org.testng.ITestContext)[pri:0, instance:com.test.user.Join_now_scenarios@7692d9cc]" started-at="2022-07-07T18:43:51 IST" name="RUNALL" data-provider="TestData" finished-at="2022-07-07T18:43:51 IST" duration-ms="2" status="PASS">
          <params>
            <param index="0">
              <value>
                <![CDATA[{=, Club_name=, Country=, Dropdown_values=, Rates/Amenities=, Run=No, TestScenario=TC_LAF_Validate_Joinnow_button, TextMessage=Joinnow}]]>
              </value>
            </param>
            <param index="1">
              <value>
                <![CDATA[org.testng.TestRunner@5111de7c]]>
              </value>
            </param>
          </params>
          <reporter-output>
          </reporter-output>
        </test-method> <!-- RUNALL -->
        <test-method signature="RUNALL(java.util.Map, org.testng.ITestContext)[pri:0, instance:com.test.user.Join_now_scenarios@7692d9cc]" started-at="2022-07-07T18:43:51 IST" name="RUNALL" data-provider="TestData" finished-at="2022-07-07T18:43:51 IST" duration-ms="1" status="PASS">
          <params>
            <param index="0">
              <value>
                <![CDATA[{=, Club_name=, Country=, Dropdown_values=, Rates/Amenities=, Run=No, TestScenario=TC_LAF_Validate_Joinnow_Steps, TextMessage=Joinnow_steps}]]>
              </value>
            </param>
            <param index="1">
              <value>
                <![CDATA[org.testng.TestRunner@5111de7c]]>
              </value>
            </param>
          </params>
          <reporter-output>
          </reporter-output>
        </test-method> <!-- RUNALL -->
        <test-method signature="RUNALL(java.util.Map, org.testng.ITestContext)[pri:0, instance:com.test.user.Join_now_scenarios@7692d9cc]" started-at="2022-07-07T18:43:51 IST" name="RUNALL" data-provider="TestData" finished-at="2022-07-07T18:43:51 IST" duration-ms="0" status="PASS">
          <params>
            <param index="0">
              <value>
                <![CDATA[{=, Club_name=, Country=, Dropdown_values=ALL,USA, Canada, Rates/Amenities=, Run=No, TestScenario=TC_LAF_Validate_Joinnow_country_values, TextMessage=country_values}]]>
              </value>
            </param>
            <param index="1">
              <value>
                <![CDATA[org.testng.TestRunner@5111de7c]]>
              </value>
            </param>
          </params>
          <reporter-output>
          </reporter-output>
        </test-method> <!-- RUNALL -->
        <test-method signature="RUNALL(java.util.Map, org.testng.ITestContext)[pri:0, instance:com.test.user.Join_now_scenarios@7692d9cc]" started-at="2022-07-07T18:43:51 IST" name="RUNALL" data-provider="TestData" finished-at="2022-07-07T18:43:51 IST" duration-ms="0" status="PASS">
          <params>
            <param index="0">
              <value>
                <![CDATA[{=, Club_name=, Country=, Dropdown_values=, Rates/Amenities=, Run=No, TestScenario=TC_LAF_Validate_Joinnow_Fields, TextMessage=Joinnow_fields}]]>
              </value>
            </param>
            <param index="1">
              <value>
                <![CDATA[org.testng.TestRunner@5111de7c]]>
              </value>
            </param>
          </params>
          <reporter-output>
          </reporter-output>
        </test-method> <!-- RUNALL -->
        <test-method signature="RUNALL(java.util.Map, org.testng.ITestContext)[pri:0, instance:com.test.user.Join_now_scenarios@7692d9cc]" started-at="2022-07-07T18:43:51 IST" name="RUNALL" data-provider="TestData" finished-at="2022-07-07T18:43:51 IST" duration-ms="1" status="PASS">
          <params>
            <param index="0">
              <value>
                <![CDATA[{=, Club_name=, Country=All, Dropdown_values=,AB,AZ,CA,CT,DE,FL,GA,IL,IN,MA,MD,MI,MN,NC,NJ,NY,ON,OR,PA,RI,TX,VA,WA, Rates/Amenities=, Run=No, TestScenario=TC_LAF_Validate_Joinnow_ByStateorprovince_dropdown_ALL, TextMessage=ByStateorprovince_dropdown_ALL}]]>
              </value>
            </param>
            <param index="1">
              <value>
                <![CDATA[org.testng.TestRunner@5111de7c]]>
              </value>
            </param>
          </params>
          <reporter-output>
          </reporter-output>
        </test-method> <!-- RUNALL -->
        <test-method signature="RUNALL(java.util.Map, org.testng.ITestContext)[pri:0, instance:com.test.user.Join_now_scenarios@7692d9cc]" started-at="2022-07-07T18:43:51 IST" name="RUNALL" data-provider="TestData" finished-at="2022-07-07T18:43:51 IST" duration-ms="1" status="PASS">
          <params>
            <param index="0">
              <value>
                <![CDATA[{=, Club_name=, Country=CANADA, Dropdown_values=,AB,ON, Rates/Amenities=, Run=No, TestScenario=TC_LAF_Validate_Joinnow_ByStateorprovince_dropdown_CANADA, TextMessage=ByStateorprovince_dropdown_CANADA}]]>
              </value>
            </param>
            <param index="1">
              <value>
                <![CDATA[org.testng.TestRunner@5111de7c]]>
              </value>
            </param>
          </params>
          <reporter-output>
          </reporter-output>
        </test-method> <!-- RUNALL -->
        <test-method signature="RUNALL(java.util.Map, org.testng.ITestContext)[pri:0, instance:com.test.user.Join_now_scenarios@7692d9cc]" started-at="2022-07-07T18:43:51 IST" name="RUNALL" data-provider="TestData" finished-at="2022-07-07T18:43:51 IST" duration-ms="1" status="PASS">
          <params>
            <param index="0">
              <value>
                <![CDATA[{=, Club_name=, Country=All, Dropdown_values=NY, Rates/Amenities=, Run=No, TestScenario=TC_LAF_Validate_Joinnow_Listofclubs, TextMessage=Listofclubs}]]>
              </value>
            </param>
            <param index="1">
              <value>
                <![CDATA[org.testng.TestRunner@5111de7c]]>
              </value>
            </param>
          </params>
          <reporter-output>
          </reporter-output>
        </test-method> <!-- RUNALL -->
        <test-method signature="RUNALL(java.util.Map, org.testng.ITestContext)[pri:0, instance:com.test.user.Join_now_scenarios@7692d9cc]" started-at="2022-07-07T18:43:51 IST" name="RUNALL" data-provider="TestData" finished-at="2022-07-07T18:43:51 IST" duration-ms="0" status="PASS">
          <params>
            <param index="0">
              <value>
                <![CDATA[{=, Club_name=, Country=USA, Dropdown_values=,AZ,CA,CT,DE,FL,GA,IL,IN,MA,MD,MI,MN,NC,NJ,NY,OR,PA,RI,TX,VA,WA, Rates/Amenities=, Run=No, TestScenario=TC_LAF_Validate_Joinnow_ByStateorprovince_dropdown_USA, TextMessage=ByStateorprovince_dropdown_USA}]]>
              </value>
            </param>
            <param index="1">
              <value>
                <![CDATA[org.testng.TestRunner@5111de7c]]>
              </value>
            </param>
          </params>
          <reporter-output>
          </reporter-output>
        </test-method> <!-- RUNALL -->
        <test-method signature="RUNALL(java.util.Map, org.testng.ITestContext)[pri:0, instance:com.test.user.Join_now_scenarios@7692d9cc]" started-at="2022-07-07T18:43:51 IST" name="RUNALL" data-provider="TestData" finished-at="2022-07-07T18:43:51 IST" duration-ms="0" status="PASS">
          <params>
            <param index="0">
              <value>
                <![CDATA[{=, Club_name=, Country=USA, Dropdown_values=CT, Rates/Amenities=, Run=No, TestScenario=TC_LAF_Validate_Joinnow_Clubdetails, TextMessage=club_details}]]>
              </value>
            </param>
            <param index="1">
              <value>
                <![CDATA[org.testng.TestRunner@5111de7c]]>
              </value>
            </param>
          </params>
          <reporter-output>
          </reporter-output>
        </test-method> <!-- RUNALL -->
        <test-method signature="RUNALL(java.util.Map, org.testng.ITestContext)[pri:0, instance:com.test.user.Join_now_scenarios@7692d9cc]" started-at="2022-07-07T18:43:51 IST" name="RUNALL" data-provider="TestData" finished-at="2022-07-07T18:43:51 IST" duration-ms="0" status="PASS">
          <params>
            <param index="0">
              <value>
                <![CDATA[{=, Club_name=, Country=CANADA, Dropdown_values=AB, Rates/Amenities=, Run=No, TestScenario=TC_LAF_Validate_Joinnow_clubsbuttons, TextMessage=clubs_buttons}]]>
              </value>
            </param>
            <param index="1">
              <value>
                <![CDATA[org.testng.TestRunner@5111de7c]]>
              </value>
            </param>
          </params>
          <reporter-output>
          </reporter-output>
        </test-method> <!-- RUNALL -->
        <test-method signature="RUNALL(java.util.Map, org.testng.ITestContext)[pri:0, instance:com.test.user.Join_now_scenarios@7692d9cc]" started-at="2022-07-07T18:43:51 IST" name="RUNALL" data-provider="TestData" finished-at="2022-07-07T18:43:51 IST" duration-ms="0" status="PASS">
          <params>
            <param index="0">
              <value>
                <![CDATA[{=, Club_name=, Country=USA, Dropdown_values=NY, Rates/Amenities=, Run=No, TestScenario=TC_LAF_Validate_Joinnow_club_ratesandamenities, TextMessage=club_ratesandamenities}]]>
              </value>
            </param>
            <param index="1">
              <value>
                <![CDATA[org.testng.TestRunner@5111de7c]]>
              </value>
            </param>
          </params>
          <reporter-output>
          </reporter-output>
        </test-method> <!-- RUNALL -->
        <test-method signature="RUNALL(java.util.Map, org.testng.ITestContext)[pri:0, instance:com.test.user.Join_now_scenarios@7692d9cc]" started-at="2022-07-07T18:43:51 IST" name="RUNALL" data-provider="TestData" finished-at="2022-07-07T18:43:51 IST" duration-ms="1" status="PASS">
          <params>
            <param index="0">
              <value>
                <![CDATA[{=, Club_name=, Country=USA, Dropdown_values=NY, Rates/Amenities=CLUB RATES $99 Initiation fee $34.99 per month Signature Online - Easy Start OR $0 Initiation fee $44.99 per month Signature Online - Easy Start, Run=No, TestScenario=TC_LAF_Validate_Joinnow_club_rateplans, TextMessage=club_rateplans}]]>
              </value>
            </param>
            <param index="1">
              <value>
                <![CDATA[org.testng.TestRunner@5111de7c]]>
              </value>
            </param>
          </params>
          <reporter-output>
          </reporter-output>
        </test-method> <!-- RUNALL -->
        <test-method signature="RUNALL(java.util.Map, org.testng.ITestContext)[pri:0, instance:com.test.user.Join_now_scenarios@7692d9cc]" started-at="2022-07-07T18:43:51 IST" name="RUNALL" data-provider="TestData" finished-at="2022-07-07T18:43:51 IST" duration-ms="0" status="PASS">
          <params>
            <param index="0">
              <value>
                <![CDATA[{=, Club_name=, Country=USA, Dropdown_values=NY, Rates/Amenities=Group Fitness Classes, Indoor Cycling, Indoor Pool, Kids Klub*, Personal Training*, Sauna, Whirlpool Spa, Wi-Fi, , Run=No, TestScenario=TC_LAF_Validate_Joinnow_club_Amenities, TextMessage=club_Amenities}]]>
              </value>
            </param>
            <param index="1">
              <value>
                <![CDATA[org.testng.TestRunner@5111de7c]]>
              </value>
            </param>
          </params>
          <reporter-output>
          </reporter-output>
        </test-method> <!-- RUNALL -->
        <test-method signature="RUNALL(java.util.Map, org.testng.ITestContext)[pri:0, instance:com.test.user.Join_now_scenarios@7692d9cc]" started-at="2022-07-07T18:43:51 IST" name="RUNALL" data-provider="TestData" finished-at="2022-07-07T18:44:41 IST" duration-ms="50100" status="PASS">
          <params>
            <param index="0">
              <value>
                <![CDATA[{=, Club_name=BUFFALO - ELMWOOD AVE, Country=USA, Dropdown_values=NY, Rates/Amenities=, Run=Yes, TestScenario=TC_LAF_Validate_Joinnow_club_steptwo, TextMessage=Joinnow_steptwo}]]>
              </value>
            </param>
            <param index="1">
              <value>
                <![CDATA[org.testng.TestRunner@5111de7c]]>
              </value>
            </param>
          </params>
          <reporter-output>
          </reporter-output>
        </test-method> <!-- RUNALL -->
        <test-method signature="RUNALL(java.util.Map, org.testng.ITestContext)[pri:0, instance:com.test.user.Join_now_scenarios@7692d9cc]" started-at="2022-07-07T18:44:41 IST" name="RUNALL" data-provider="TestData" finished-at="2022-07-07T18:44:58 IST" duration-ms="16947" status="PASS">
          <params>
            <param index="0">
              <value>
                <![CDATA[{=, Club_name=, Country=USA, Dropdown_values=NY, Rates/Amenities=, Run=Yes, TestScenario=TC_LAF_Validate_Joinnow_club_selectadditionalfeatues_yourhomeclub, TextMessage=selectadditionalfeatues_yourhomeclub}]]>
              </value>
            </param>
            <param index="1">
              <value>
                <![CDATA[org.testng.TestRunner@5111de7c]]>
              </value>
            </param>
          </params>
          <reporter-output>
          </reporter-output>
        </test-method> <!-- RUNALL -->
      </class> <!-- com.test.user.Join_now_scenarios -->
    </test> <!-- Joinnow_Test -->
  </suite> <!-- Suite -->
</testng-results>
