<?xml version="1.0" encoding="UTF-8"?>
<testsuite xmlns:xsi="http://www.w3.org/2001/XMLSchema-instance" xsi:noNamespaceSchemaLocation="https://maven.apache.org/surefire/maven-surefire-plugin/xsd/surefire-test-report.xsd" name="TestSuite" time="68.522" tests="15" errors="0" skipped="0" failures="0">
  <properties>
[...]
</properties>
  <testcase name="RUNALL" classname="com.test.user.Join_now_scenarios" time="0.004"/>
  <testcase name="RUNALL" classname="com.test.user.Join_now_scenarios" time="0.001"/>
  <testcase name="RUNALL" classname="com.test.user.Join_now_scenarios" time="0"/>
  <testcase name="RUNALL" classname="com.test.user.Join_now_scenarios" time="0"/>
  <testcase name="RUNALL" classname="com.test.user.Join_now_scenarios" time="0"/>
  <testcase name="RUNALL" classname="com.test.user.Join_now_scenarios" time="0"/>
  <testcase name="RUNALL" classname="com.test.user.Join_now_scenarios" time="0"/>
  <testcase name="RUNALL" classname="com.test.user.Join_now_scenarios" time="0"/>
  <testcase name="RUNALL" classname="com.test.user.Join_now_scenarios" time="0.001"/>
  <testcase name="RUNALL" classname="com.test.user.Join_now_scenarios" time="0"/>
  <testcase name="RUNALL" classname="com.test.user.Join_now_scenarios" time="0.001"/>
  <testcase name="RUNALL" classname="com.test.user.Join_now_scenarios" time="0.001"/>
  <testcase name="RUNALL" classname="com.test.user.Join_now_scenarios" time="0"/>
  <testcase name="RUNALL" classname="com.test.user.Join_now_scenarios" time="50.102"/>
  <testcase name="RUNALL" classname="com.test.user.Join_now_scenarios" time="16.948"/>
</testsuite>